<?xml version="1.0" encoding="UTF-8"?>
<testsuite xmlns:xsi="http://www.w3.org/2001/XMLSchema-instance" xsi:noNamespaceSchemaLocation="https://maven.apache.org/surefire/maven-surefire-plugin/xsd/surefire-test-report-3.0.xsd" version="3.0" name="UserServiceTest" time="0.825" tests="6" errors="0" skipped="0" failures="0">
  <properties>
[...]
</properties>
  <testcase name="saveUser" classname="UserServiceTest" time="0.46">
    <system-out><![CDATA[Connected to the database successfully
Database has been created!
User Ivan Ivanov 5 has been saved!
User Ivan Ivanov 5
]]></system-out>
  </testcase>
  <testcase name="removeUserById" classname="UserServiceTest" time="0.091">
    <system-out><![CDATA[Connected to the database successfully
Database has been created!
User Ivan Ivanov 5 has been saved!
User 1 has been removed!
]]></system-out>
  </testcase>
  <testcase name="getAllUsers" classname="UserServiceTest" time="0.067">
    <system-out><![CDATA[Connected to the database successfully
Database has been created!
User Ivan Ivanov 5 has been saved!
User Ivan Ivanov 5
]]></system-out>
  </testcase>
  <testcase name="dropUsersTable" classname="UserServiceTest" time="0.038">
    <system-out><![CDATA[Connected to the database successfully
]]></system-out>
  </testcase>
  <testcase name="createUsersTable" classname="UserServiceTest" time="0.043">
    <system-out><![CDATA[Connected to the database successfully
Database has been created!
]]></system-out>
  </testcase>
  <testcase name="cleanUsersTable" classname="UserServiceTest" time="0.072">
    <system-out><![CDATA[Connected to the database successfully
Database has been created!
User Ivan Ivanov 5 has been saved!
Users has been cleaned!
]]></system-out>
  </testcase>
</testsuite>